<?xml version="1.0" encoding="UTF-8" ?>
<testsuite tests="1" failures="0" name="Zomato.api.impl.TestDefaultHelloService" time="1.745" errors="1" skipped="0">
  <properties>
[...]
</properties>
  <testcase classname="Zomato.api.impl.TestDefaultHelloService" name="testSayHello" time="1.745">
    <error message="Failed to start component [StandardServer[-1]]" type="org.apache.catalina.LifecycleException">org.apache.catalina.LifecycleException: Failed to start component [StandardServer[-1]]
	at org.apache.catalina.core.ContainerBase.startInternal(ContainerBase.java:1131)
	at org.apache.catalina.core.StandardEngine.startInternal(StandardEngine.java:302)
	at org.apache.catalina.util.LifecycleBase.start(LifecycleBase.java:150)
	at org.apache.catalina.core.StandardService.startInternal(StandardService.java:443)
	at org.apache.catalina.util.LifecycleBase.start(LifecycleBase.java:150)
	at org.apache.catalina.core.StandardServer.startInternal(StandardServer.java:732)
	at org.apache.catalina.util.LifecycleBase.start(LifecycleBase.java:150)
	at org.apache.catalina.startup.Tomcat.start(Tomcat.java:341)
	at Zomato.api.impl.TestDefaultHelloService.startTomcat(TestDefaultHelloService.java:68)
</error>
    <system-err>Apr 28, 2022 11:14:27 AM org.apache.coyote.AbstractProtocol init
INFO: Initializing ProtocolHandler [&quot;http-bio-auto-1&quot;]
Apr 28, 2022 11:14:27 AM org.apache.catalina.core.StandardService startInternal
INFO: Starting service Tomcat
Apr 28, 2022 11:14:27 AM org.apache.catalina.core.StandardEngine startInternal
INFO: Starting Servlet Engine: Apache Tomcat/7.0.47
Apr 28, 2022 11:14:27 AM org.apache.catalina.startup.DigesterFactory register
WARNING: Could not get url for /javax/servlet/jsp/resources/jsp_2_0.xsd
Apr 28, 2022 11:14:27 AM org.apache.catalina.startup.DigesterFactory register
WARNING: Could not get url for /javax/servlet/jsp/resources/jsp_2_1.xsd
Apr 28, 2022 11:14:27 AM org.apache.catalina.startup.DigesterFactory register
WARNING: Could not get url for /javax/servlet/jsp/resources/jsp_2_2.xsd
Apr 28, 2022 11:14:27 AM org.apache.catalina.startup.DigesterFactory register
WARNING: Could not get url for /javax/servlet/jsp/resources/web-jsptaglibrary_1_1.dtd
Apr 28, 2022 11:14:27 AM org.apache.catalina.startup.DigesterFactory register
WARNING: Could not get url for /javax/servlet/jsp/resources/web-jsptaglibrary_1_2.dtd
Apr 28, 2022 11:14:27 AM org.apache.catalina.startup.DigesterFactory register
WARNING: Could not get url for /javax/servlet/jsp/resources/web-jsptaglibrary_2_0.xsd
Apr 28, 2022 11:14:27 AM org.apache.catalina.startup.DigesterFactory register
WARNING: Could not get url for /javax/servlet/jsp/resources/web-jsptaglibrary_2_1.xsd
Apr 28, 2022 11:14:27 AM org.apache.catalina.loader.WebappLoader buildClassPath
INFO: Unknown loader jdk.internal.loader.ClassLoaders$AppClassLoader@73d16e93 class jdk.internal.loader.ClassLoaders$AppClassLoader
Apr 28, 2022 11:14:27 AM org.apache.catalina.core.ApplicationContext log
INFO: Initializing Spring root WebApplicationContext
Apr 28, 2022 11:14:27 AM org.springframework.web.context.ContextLoader initWebApplicationContext
INFO: Root WebApplicationContext: initialization started
Apr 28, 2022 11:14:28 AM org.springframework.context.support.AbstractApplicationContext prepareRefresh
INFO: Refreshing Root WebApplicationContext: startup date [Thu Apr 28 11:14:28 IST 2022]; root of context hierarchy
Apr 28, 2022 11:14:28 AM org.springframework.beans.factory.xml.XmlBeanDefinitionReader loadBeanDefinitions
INFO: Loading XML bean definitions from URL [file:/D:/DEVOPS/Zomato/bikes/bikes/bikes-api-impl/target/classes/META-INF/spring-context.xml]
Apr 28, 2022 11:14:28 AM org.springframework.beans.factory.xml.XmlBeanDefinitionReader loadBeanDefinitions
INFO: Loading XML bean definitions from class path resource [META-INF/cxf/cxf.xml]
Apr 28, 2022 11:14:28 AM org.springframework.beans.factory.xml.XmlBeanDefinitionReader loadBeanDefinitions
INFO: Loading XML bean definitions from class path resource [META-INF/cxf/cxf-servlet.xml]
Apr 28, 2022 11:14:28 AM org.springframework.context.annotation.ClassPathScanningCandidateComponentProvider registerDefaultFilters
INFO: JSR-250 &apos;javax.annotation.ManagedBean&apos; found and supported for component scanning
Apr 28, 2022 11:14:28 AM org.springframework.web.context.ContextLoader initWebApplicationContext
SEVERE: Context initialization failed
org.springframework.beans.factory.BeanDefinitionStoreException: Failed to read candidate component class: file [D:\DEVOPS\Zomato\bikes\bikes\bikes-api-impl\target\test-classes\Zomato\api\impl\TestDefaultHelloService.class]; nested exception is java.lang.IllegalArgumentException
	at org.springframework.context.annotation.ClassPathScanningCandidateComponentProvider.findCandidateComponents(ClassPathScanningCandidateComponentProvider.java:281)
	at org.springframework.context.annotation.ClassPathBeanDefinitionScanner.doScan(ClassPathBeanDefinitionScanner.java:242)
	at org.springframework.context.annotation.ComponentScanBeanDefinitionParser.parse(ComponentScanBeanDefinitionParser.java:84)
	at org.springframework.beans.factory.xml.NamespaceHandlerSupport.parse(NamespaceHandlerSupport.java:73)
	at org.springframework.beans.factory.xml.BeanDefinitionParserDelegate.parseCustomElement(BeanDefinitionParserDelegate.java:1435)
	at org.springframework.beans.factory.xml.BeanDefinitionParserDelegate.parseCustomElement(BeanDefinitionParserDelegate.java:1425)
	at org.springframework.beans.factory.xml.DefaultBeanDefinitionDocumentReader.parseBeanDefinitions(DefaultBeanDefinitionDocumentReader.java:184)
	at org.springframework.beans.factory.xml.DefaultBeanDefinitionDocumentReader.doRegisterBeanDefinitions(DefaultBeanDefinitionDocumentReader.java:140)
	at org.springframework.beans.factory.xml.DefaultBeanDefinitionDocumentReader.registerBeanDefinitions(DefaultBeanDefinitionDocumentReader.java:111)
	at org.springframework.beans.factory.xml.XmlBeanDefinitionReader.registerBeanDefinitions(XmlBeanDefinitionReader.java:493)
	at org.springframework.beans.factory.xml.XmlBeanDefinitionReader.doLoadBeanDefinitions(XmlBeanDefinitionReader.java:390)
	at org.springframework.beans.factory.xml.XmlBeanDefinitionReader.loadBeanDefinitions(XmlBeanDefinitionReader.java:334)
	at org.springframework.beans.factory.xml.XmlBeanDefinitionReader.loadBeanDefinitions(XmlBeanDefinitionReader.java:302)
	at org.springframework.beans.factory.support.AbstractBeanDefinitionReader.loadBeanDefinitions(AbstractBeanDefinitionReader.java:174)
	at org.springframework.beans.factory.support.AbstractBeanDefinitionReader.loadBeanDefinitions(AbstractBeanDefinitionReader.java:209)
	at org.springframework.beans.factory.support.AbstractBeanDefinitionReader.loadBeanDefinitions(AbstractBeanDefinitionReader.java:180)
	at org.springframework.web.context.support.XmlWebApplicationContext.loadBeanDefinitions(XmlWebApplicationContext.java:125)
	at org.springframework.web.context.support.XmlWebApplicationContext.loadBeanDefinitions(XmlWebApplicationContext.java:94)
	at org.springframework.context.support.AbstractRefreshableApplicationContext.refreshBeanFactory(AbstractRefreshableApplicationContext.java:131)
	at org.springframework.context.support.AbstractApplicationContext.obtainFreshBeanFactory(AbstractApplicationContext.java:537)
	at org.springframework.context.support.AbstractApplicationContext.refresh(AbstractApplicationContext.java:451)
	at org.springframework.web.context.ContextLoader.configureAndRefreshWebApplicationContext(ContextLoader.java:383)
	at org.springframework.web.context.ContextLoader.initWebApplicationContext(ContextLoader.java:283)
	at org.springframework.web.context.ContextLoaderListener.contextInitialized(ContextLoaderListener.java:112)
	at org.apache.catalina.core.StandardContext.listenerStart(StandardContext.java:4939)
	at org.apache.catalina.core.StandardContext.startInternal(StandardContext.java:5434)
	at org.apache.catalina.util.LifecycleBase.start(LifecycleBase.java:150)
	at org.apache.catalina.core.ContainerBase$StartChild.call(ContainerBase.java:1559)
	at org.apache.catalina.core.ContainerBase$StartChild.call(ContainerBase.java:1549)
	at java.base/java.util.concurrent.FutureTask.run(FutureTask.java:264)
	at java.base/java.util.concurrent.ThreadPoolExecutor.runWorker(ThreadPoolExecutor.java:1136)
	at java.base/java.util.concurrent.ThreadPoolExecutor$Worker.run(ThreadPoolExecutor.java:635)
	at java.base/java.lang.Thread.run(Thread.java:833)
Caused by: java.lang.IllegalArgumentException
	at org.springframework.asm.ClassReader.&lt;init&gt;(Unknown Source)
	at org.springframework.asm.ClassReader.&lt;init&gt;(Unknown Source)
	at org.springframework.asm.ClassReader.&lt;init&gt;(Unknown Source)
	at org.springframework.core.type.classreading.SimpleMetadataReader.&lt;init&gt;(SimpleMetadataReader.java:52)
	at org.springframework.core.type.classreading.SimpleMetadataReaderFactory.getMetadataReader(SimpleMetadataReaderFactory.java:80)
	at org.springframework.core.type.classreading.CachingMetadataReaderFactory.getMetadataReader(CachingMetadataReaderFactory.java:101)
	at org.springframework.context.annotation.ClassPathScanningCandidateComponentProvider.findCandidateComponents(ClassPathScanningCandidateComponentProvider.java:257)
	... 32 more

Apr 28, 2022 11:14:28 AM org.apache.catalina.core.StandardContext listenerStart
SEVERE: Exception sending context initialized event to listener instance of class org.springframework.web.context.ContextLoaderListener
org.springframework.beans.factory.BeanDefinitionStoreException: Failed to read candidate component class: file [D:\DEVOPS\Zomato\bikes\bikes\bikes-api-impl\target\test-classes\Zomato\api\impl\TestDefaultHelloService.class]; nested exception is java.lang.IllegalArgumentException
	at org.springframework.context.annotation.ClassPathScanningCandidateComponentProvider.findCandidateComponents(ClassPathScanningCandidateComponentProvider.java:281)
	at org.springframework.context.annotation.ClassPathBeanDefinitionScanner.doScan(ClassPathBeanDefinitionScanner.java:242)
	at org.springframework.context.annotation.ComponentScanBeanDefinitionParser.parse(ComponentScanBeanDefinitionParser.java:84)
	at org.springframework.beans.factory.xml.NamespaceHandlerSupport.parse(NamespaceHandlerSupport.java:73)
	at org.springframework.beans.factory.xml.BeanDefinitionParserDelegate.parseCustomElement(BeanDefinitionParserDelegate.java:1435)
	at org.springframework.beans.factory.xml.BeanDefinitionParserDelegate.parseCustomElement(BeanDefinitionParserDelegate.java:1425)
	at org.springframework.beans.factory.xml.DefaultBeanDefinitionDocumentReader.parseBeanDefinitions(DefaultBeanDefinitionDocumentReader.java:184)
	at org.springframework.beans.factory.xml.DefaultBeanDefinitionDocumentReader.doRegisterBeanDefinitions(DefaultBeanDefinitionDocumentReader.java:140)
	at org.springframework.beans.factory.xml.DefaultBeanDefinitionDocumentReader.registerBeanDefinitions(DefaultBeanDefinitionDocumentReader.java:111)
	at org.springframework.beans.factory.xml.XmlBeanDefinitionReader.registerBeanDefinitions(XmlBeanDefinitionReader.java:493)
	at org.springframework.beans.factory.xml.XmlBeanDefinitionReader.doLoadBeanDefinitions(XmlBeanDefinitionReader.java:390)
	at org.springframework.beans.factory.xml.XmlBeanDefinitionReader.loadBeanDefinitions(XmlBeanDefinitionReader.java:334)
	at org.springframework.beans.factory.xml.XmlBeanDefinitionReader.loadBeanDefinitions(XmlBeanDefinitionReader.java:302)
	at org.springframework.beans.factory.support.AbstractBeanDefinitionReader.loadBeanDefinitions(AbstractBeanDefinitionReader.java:174)
	at org.springframework.beans.factory.support.AbstractBeanDefinitionReader.loadBeanDefinitions(AbstractBeanDefinitionReader.java:209)
	at org.springframework.beans.factory.support.AbstractBeanDefinitionReader.loadBeanDefinitions(AbstractBeanDefinitionReader.java:180)
	at org.springframework.web.context.support.XmlWebApplicationContext.loadBeanDefinitions(XmlWebApplicationContext.java:125)
	at org.springframework.web.context.support.XmlWebApplicationContext.loadBeanDefinitions(XmlWebApplicationContext.java:94)
	at org.springframework.context.support.AbstractRefreshableApplicationContext.refreshBeanFactory(AbstractRefreshableApplicationContext.java:131)
	at org.springframework.context.support.AbstractApplicationContext.obtainFreshBeanFactory(AbstractApplicationContext.java:537)
	at org.springframework.context.support.AbstractApplicationContext.refresh(AbstractApplicationContext.java:451)
	at org.springframework.web.context.ContextLoader.configureAndRefreshWebApplicationContext(ContextLoader.java:383)
	at org.springframework.web.context.ContextLoader.initWebApplicationContext(ContextLoader.java:283)
	at org.springframework.web.context.ContextLoaderListener.contextInitialized(ContextLoaderListener.java:112)
	at org.apache.catalina.core.StandardContext.listenerStart(StandardContext.java:4939)
	at org.apache.catalina.core.StandardContext.startInternal(StandardContext.java:5434)
	at org.apache.catalina.util.LifecycleBase.start(LifecycleBase.java:150)
	at org.apache.catalina.core.ContainerBase$StartChild.call(ContainerBase.java:1559)
	at org.apache.catalina.core.ContainerBase$StartChild.call(ContainerBase.java:1549)
	at java.base/java.util.concurrent.FutureTask.run(FutureTask.java:264)
	at java.base/java.util.concurrent.ThreadPoolExecutor.runWorker(ThreadPoolExecutor.java:1136)
	at java.base/java.util.concurrent.ThreadPoolExecutor$Worker.run(ThreadPoolExecutor.java:635)
	at java.base/java.lang.Thread.run(Thread.java:833)
Caused by: java.lang.IllegalArgumentException
	at org.springframework.asm.ClassReader.&lt;init&gt;(Unknown Source)
	at org.springframework.asm.ClassReader.&lt;init&gt;(Unknown Source)
	at org.springframework.asm.ClassReader.&lt;init&gt;(Unknown Source)
	at org.springframework.core.type.classreading.SimpleMetadataReader.&lt;init&gt;(SimpleMetadataReader.java:52)
	at org.springframework.core.type.classreading.SimpleMetadataReaderFactory.getMetadataReader(SimpleMetadataReaderFactory.java:80)
	at org.springframework.core.type.classreading.CachingMetadataReaderFactory.getMetadataReader(CachingMetadataReaderFactory.java:101)
	at org.springframework.context.annotation.ClassPathScanningCandidateComponentProvider.findCandidateComponents(ClassPathScanningCandidateComponentProvider.java:257)
	... 32 more

Apr 28, 2022 11:14:28 AM org.apache.catalina.core.StandardContext startInternal
SEVERE: Error listenerStart
Apr 28, 2022 11:14:28 AM org.apache.catalina.core.StandardContext startInternal
SEVERE: Context [] startup failed due to previous errors
Apr 28, 2022 11:14:28 AM org.apache.catalina.core.ApplicationContext log
INFO: Closing Spring root WebApplicationContext
Apr 28, 2022 11:14:28 AM org.springframework.context.support.AbstractApplicationContext doClose
INFO: Closing Root WebApplicationContext: startup date [Thu Apr 28 11:14:28 IST 2022]; root of context hierarchy
Apr 28, 2022 11:14:28 AM org.springframework.context.support.AbstractApplicationContext doClose
WARNING: Exception thrown from ApplicationListener handling ContextClosedEvent
java.lang.IllegalStateException: ApplicationEventMulticaster not initialized - call &apos;refresh&apos; before multicasting events via the context: Root WebApplicationContext: startup date [Thu Apr 28 11:14:28 IST 2022]; root of context hierarchy
	at org.springframework.context.support.AbstractApplicationContext.getApplicationEventMulticaster(AbstractApplicationContext.java:347)
	at org.springframework.context.support.AbstractApplicationContext.publishEvent(AbstractApplicationContext.java:334)
	at org.springframework.context.support.AbstractApplicationContext.doClose(AbstractApplicationContext.java:1049)
	at org.springframework.context.support.AbstractApplicationContext.close(AbstractApplicationContext.java:1010)
	at org.springframework.web.context.ContextLoader.closeWebApplicationContext(ContextLoader.java:549)
	at org.springframework.web.context.ContextLoaderListener.contextDestroyed(ContextLoaderListener.java:143)
	at org.apache.catalina.core.StandardContext.listenerStop(StandardContext.java:4980)
	at org.apache.catalina.core.StandardContext.stopInternal(StandardContext.java:5626)
	at org.apache.catalina.util.LifecycleBase.stop(LifecycleBase.java:232)
	at org.apache.catalina.util.LifecycleBase.start(LifecycleBase.java:160)
	at org.apache.catalina.core.ContainerBase$StartChild.call(ContainerBase.java:1559)
	at org.apache.catalina.core.ContainerBase$StartChild.call(ContainerBase.java:1549)
	at java.base/java.util.concurrent.FutureTask.run(FutureTask.java:264)
	at java.base/java.util.concurrent.ThreadPoolExecutor.runWorker(ThreadPoolExecutor.java:1136)
	at java.base/java.util.concurrent.ThreadPoolExecutor$Worker.run(ThreadPoolExecutor.java:635)
	at java.base/java.lang.Thread.run(Thread.java:833)

Apr 28, 2022 11:14:28 AM org.springframework.context.support.AbstractApplicationContext doClose
WARNING: Exception thrown from LifecycleProcessor on context close
java.lang.IllegalStateException: LifecycleProcessor not initialized - call &apos;refresh&apos; before invoking lifecycle methods via the context: Root WebApplicationContext: startup date [Thu Apr 28 11:14:28 IST 2022]; root of context hierarchy
	at org.springframework.context.support.AbstractApplicationContext.getLifecycleProcessor(AbstractApplicationContext.java:360)
	at org.springframework.context.support.AbstractApplicationContext.doClose(AbstractApplicationContext.java:1057)
	at org.springframework.context.support.AbstractApplicationContext.close(AbstractApplicationContext.java:1010)
	at org.springframework.web.context.ContextLoader.closeWebApplicationContext(ContextLoader.java:549)
	at org.springframework.web.context.ContextLoaderListener.contextDestroyed(ContextLoaderListener.java:143)
	at org.apache.catalina.core.StandardContext.listenerStop(StandardContext.java:4980)
	at org.apache.catalina.core.StandardContext.stopInternal(StandardContext.java:5626)
	at org.apache.catalina.util.LifecycleBase.stop(LifecycleBase.java:232)
	at org.apache.catalina.util.LifecycleBase.start(LifecycleBase.java:160)
	at org.apache.catalina.core.ContainerBase$StartChild.call(ContainerBase.java:1559)
	at org.apache.catalina.core.ContainerBase$StartChild.call(ContainerBase.java:1549)
	at java.base/java.util.concurrent.FutureTask.run(FutureTask.java:264)
	at java.base/java.util.concurrent.ThreadPoolExecutor.runWorker(ThreadPoolExecutor.java:1136)
	at java.base/java.util.concurrent.ThreadPoolExecutor$Worker.run(ThreadPoolExecutor.java:635)
	at java.base/java.lang.Thread.run(Thread.java:833)

Apr 28, 2022 11:14:28 AM org.apache.catalina.core.StandardContext listenerStop
SEVERE: Exception sending context destroyed event to listener instance of class org.springframework.web.context.ContextLoaderListener
java.lang.IllegalStateException: BeanFactory not initialized or already closed - call &apos;refresh&apos; before accessing beans via the ApplicationContext
	at org.springframework.context.support.AbstractRefreshableApplicationContext.getBeanFactory(AbstractRefreshableApplicationContext.java:172)
	at org.springframework.context.support.AbstractApplicationContext.destroyBeans(AbstractApplicationContext.java:1090)
	at org.springframework.context.support.AbstractApplicationContext.doClose(AbstractApplicationContext.java:1064)
	at org.springframework.context.support.AbstractApplicationContext.close(AbstractApplicationContext.java:1010)
	at org.springframework.web.context.ContextLoader.closeWebApplicationContext(ContextLoader.java:549)
	at org.springframework.web.context.ContextLoaderListener.contextDestroyed(ContextLoaderListener.java:143)
	at org.apache.catalina.core.StandardContext.listenerStop(StandardContext.java:4980)
	at org.apache.catalina.core.StandardContext.stopInternal(StandardContext.java:5626)
	at org.apache.catalina.util.LifecycleBase.stop(LifecycleBase.java:232)
	at org.apache.catalina.util.LifecycleBase.start(LifecycleBase.java:160)
	at org.apache.catalina.core.ContainerBase$StartChild.call(ContainerBase.java:1559)
	at org.apache.catalina.core.ContainerBase$StartChild.call(ContainerBase.java:1549)
	at java.base/java.util.concurrent.FutureTask.run(FutureTask.java:264)
	at java.base/java.util.concurrent.ThreadPoolExecutor.runWorker(ThreadPoolExecutor.java:1136)
	at java.base/java.util.concurrent.ThreadPoolExecutor$Worker.run(ThreadPoolExecutor.java:635)
	at java.base/java.lang.Thread.run(Thread.java:833)

Apr 28, 2022 11:14:28 AM org.apache.catalina.loader.WebappClassLoader checkThreadLocalsForLeaks
WARNING: Failed to check for ThreadLocal references for web application []
java.lang.reflect.InaccessibleObjectException: Unable to make field java.lang.ThreadLocal$ThreadLocalMap java.lang.Thread.threadLocals accessible: module java.base does not &quot;opens java.lang&quot; to unnamed module @5ecddf8f
	at java.base/java.lang.reflect.AccessibleObject.checkCanSetAccessible(AccessibleObject.java:354)
	at java.base/java.lang.reflect.AccessibleObject.checkCanSetAccessible(AccessibleObject.java:297)
	at java.base/java.lang.reflect.Field.checkCanSetAccessible(Field.java:178)
	at java.base/java.lang.reflect.Field.setAccessible(Field.java:172)
	at org.apache.catalina.loader.WebappClassLoader.checkThreadLocalsForLeaks(WebappClassLoader.java:2458)
	at org.apache.catalina.loader.WebappClassLoader.clearReferences(WebappClassLoader.java:1984)
	at org.apache.catalina.loader.WebappClassLoader.stop(WebappClassLoader.java:1890)
	at org.apache.catalina.loader.WebappLoader.stopInternal(WebappLoader.java:662)
	at org.apache.catalina.util.LifecycleBase.stop(LifecycleBase.java:232)
	at org.apache.catalina.core.StandardContext.stopInternal(StandardContext.java:5669)
	at org.apache.catalina.util.LifecycleBase.stop(LifecycleBase.java:232)
	at org.apache.catalina.util.LifecycleBase.start(LifecycleBase.java:160)
	at org.apache.catalina.core.ContainerBase$StartChild.call(ContainerBase.java:1559)
	at org.apache.catalina.core.ContainerBase$StartChild.call(ContainerBase.java:1549)
	at java.base/java.util.concurrent.FutureTask.run(FutureTask.java:264)
	at java.base/java.util.concurrent.ThreadPoolExecutor.runWorker(ThreadPoolExecutor.java:1136)
	at java.base/java.util.concurrent.ThreadPoolExecutor$Worker.run(ThreadPoolExecutor.java:635)
	at java.base/java.lang.Thread.run(Thread.java:833)

Apr 28, 2022 11:14:28 AM org.apache.catalina.core.ContainerBase startInternal
SEVERE: A child container failed during start
java.util.concurrent.ExecutionException: org.apache.catalina.LifecycleException: Failed to stop component [StandardEngine[Tomcat].StandardHost[localhost].StandardContext[]]
	at java.base/java.util.concurrent.FutureTask.report(FutureTask.java:122)
	at java.base/java.util.concurrent.FutureTask.get(FutureTask.java:191)
	at org.apache.catalina.core.ContainerBase.startInternal(ContainerBase.java:1123)
	at org.apache.catalina.core.StandardHost.startInternal(StandardHost.java:800)
	at org.apache.catalina.util.LifecycleBase.start(LifecycleBase.java:150)
	at org.apache.catalina.core.ContainerBase$StartChild.call(ContainerBase.java:1559)
	at org.apache.catalina.core.ContainerBase$StartChild.call(ContainerBase.java:1549)
	at java.base/java.util.concurrent.FutureTask.run(FutureTask.java:264)
	at java.base/java.util.concurrent.ThreadPoolExecutor.runWorker(ThreadPoolExecutor.java:1136)
	at java.base/java.util.concurrent.ThreadPoolExecutor$Worker.run(ThreadPoolExecutor.java:635)
	at java.base/java.lang.Thread.run(Thread.java:833)
Caused by: org.apache.catalina.LifecycleException: Failed to stop component [StandardEngine[Tomcat].StandardHost[localhost].StandardContext[]]
	at org.apache.catalina.util.LifecycleBase.stop(LifecycleBase.java:236)
	at org.apache.catalina.util.LifecycleBase.start(LifecycleBase.java:160)
	... 6 more
Caused by: org.apache.catalina.LifecycleException: Failed to stop component [WebappLoader[]]
	at org.apache.catalina.util.LifecycleBase.stop(LifecycleBase.java:236)
	at org.apache.catalina.core.StandardContext.stopInternal(StandardContext.java:5669)
	at org.apache.catalina.util.LifecycleBase.stop(LifecycleBase.java:232)
	... 7 more
Caused by: java.lang.reflect.InaccessibleObjectException: Unable to make field private final java.lang.ClassLoader sun.rmi.transport.Target.ccl accessible: module java.rmi does not &quot;opens sun.rmi.transport&quot; to unnamed module @5ecddf8f
	at java.base/java.lang.reflect.AccessibleObject.checkCanSetAccessible(AccessibleObject.java:354)
	at java.base/java.lang.reflect.AccessibleObject.checkCanSetAccessible(AccessibleObject.java:297)
	at java.base/java.lang.reflect.Field.checkCanSetAccessible(Field.java:178)
	at java.base/java.lang.reflect.Field.setAccessible(Field.java:172)
	at org.apache.catalina.loader.WebappClassLoader.clearReferencesRmiTargets(WebappClassLoader.java:2659)
	at org.apache.catalina.loader.WebappClassLoader.clearReferences(WebappClassLoader.java:1987)
	at org.apache.catalina.loader.WebappClassLoader.stop(WebappClassLoader.java:1890)
	at org.apache.catalina.loader.WebappLoader.stopInternal(WebappLoader.java:662)
	at org.apache.catalina.util.LifecycleBase.stop(LifecycleBase.java:232)
	... 9 more

Apr 28, 2022 11:14:28 AM org.apache.catalina.core.ContainerBase startInternal
SEVERE: A child container failed during start
java.util.concurrent.ExecutionException: org.apache.catalina.LifecycleException: Failed to start component [StandardEngine[Tomcat].StandardHost[localhost]]
	at java.base/java.util.concurrent.FutureTask.report(FutureTask.java:122)
	at java.base/java.util.concurrent.FutureTask.get(FutureTask.java:191)
	at org.apache.catalina.core.ContainerBase.startInternal(ContainerBase.java:1123)
	at org.apache.catalina.core.StandardEngine.startInternal(StandardEngine.java:302)
	at org.apache.catalina.util.LifecycleBase.start(LifecycleBase.java:150)
	at org.apache.catalina.core.StandardService.startInternal(StandardService.java:443)
	at org.apache.catalina.util.LifecycleBase.start(LifecycleBase.java:150)
	at org.apache.catalina.core.StandardServer.startInternal(StandardServer.java:732)
	at org.apache.catalina.util.LifecycleBase.start(LifecycleBase.java:150)
	at org.apache.catalina.startup.Tomcat.start(Tomcat.java:341)
	at Zomato.api.impl.TestDefaultHelloService.startTomcat(TestDefaultHelloService.java:68)
	at java.base/jdk.internal.reflect.NativeMethodAccessorImpl.invoke0(Native Method)
	at java.base/jdk.internal.reflect.NativeMethodAccessorImpl.invoke(NativeMethodAccessorImpl.java:77)
	at java.base/jdk.internal.reflect.DelegatingMethodAccessorImpl.invoke(DelegatingMethodAccessorImpl.java:43)
	at java.base/java.lang.reflect.Method.invoke(Method.java:568)
	at org.junit.runners.model.FrameworkMethod$1.runReflectiveCall(FrameworkMethod.java:45)
	at org.junit.internal.runners.model.ReflectiveCallable.run(ReflectiveCallable.java:15)
	at org.junit.runners.model.FrameworkMethod.invokeExplosively(FrameworkMethod.java:42)
	at org.junit.internal.runners.statements.RunBefores.evaluate(RunBefores.java:27)
	at org.junit.internal.runners.statements.RunAfters.evaluate(RunAfters.java:30)
	at org.junit.runners.ParentRunner.runLeaf(ParentRunner.java:263)
	at org.junit.runners.BlockJUnit4ClassRunner.runChild(BlockJUnit4ClassRunner.java:68)
	at org.junit.runners.BlockJUnit4ClassRunner.runChild(BlockJUnit4ClassRunner.java:47)
	at org.junit.runners.ParentRunner$3.run(ParentRunner.java:231)
	at org.junit.runners.ParentRunner$1.schedule(ParentRunner.java:60)
	at org.junit.runners.ParentRunner.runChildren(ParentRunner.java:229)
	at org.junit.runners.ParentRunner.access$000(ParentRunner.java:50)
	at org.junit.runners.ParentRunner$2.evaluate(ParentRunner.java:222)
	at org.junit.runners.ParentRunner.run(ParentRunner.java:300)
	at org.apache.maven.surefire.junit4.JUnit4Provider.execute(JUnit4Provider.java:264)
	at org.apache.maven.surefire.junit4.JUnit4Provider.executeTestSet(JUnit4Provider.java:153)
	at org.apache.maven.surefire.junit4.JUnit4Provider.invoke(JUnit4Provider.java:124)
	at java.base/jdk.internal.reflect.NativeMethodAccessorImpl.invoke0(Native Method)
	at java.base/jdk.internal.reflect.NativeMethodAccessorImpl.invoke(NativeMethodAccessorImpl.java:77)
	at java.base/jdk.internal.reflect.DelegatingMethodAccessorImpl.invoke(DelegatingMethodAccessorImpl.java:43)
	at java.base/java.lang.reflect.Method.invoke(Method.java:568)
	at org.apache.maven.surefire.util.ReflectionUtils.invokeMethodWithArray2(ReflectionUtils.java:208)
	at org.apache.maven.surefire.booter.ProviderFactory$ProviderProxy.invoke(ProviderFactory.java:158)
	at org.apache.maven.surefire.booter.ProviderFactory.invokeProvider(ProviderFactory.java:86)
	at org.apache.maven.surefire.booter.ForkedBooter.runSuitesInProcess(ForkedBooter.java:153)
	at org.apache.maven.surefire.booter.ForkedBooter.main(ForkedBooter.java:95)
Caused by: org.apache.catalina.LifecycleException: Failed to start component [StandardEngine[Tomcat].StandardHost[localhost]]
	at org.apache.catalina.util.LifecycleBase.start(LifecycleBase.java:154)
	at org.apache.catalina.core.ContainerBase$StartChild.call(ContainerBase.java:1559)
	at org.apache.catalina.core.ContainerBase$StartChild.call(ContainerBase.java:1549)
	at java.base/java.util.concurrent.FutureTask.run(FutureTask.java:264)
	at java.base/java.util.concurrent.ThreadPoolExecutor.runWorker(ThreadPoolExecutor.java:1136)
	at java.base/java.util.concurrent.ThreadPoolExecutor$Worker.run(ThreadPoolExecutor.java:635)
	at java.base/java.lang.Thread.run(Thread.java:833)
Caused by: org.apache.catalina.LifecycleException: A child container failed during start
	at org.apache.catalina.core.ContainerBase.startInternal(ContainerBase.java:1131)
	at org.apache.catalina.core.StandardHost.startInternal(StandardHost.java:800)
	at org.apache.catalina.util.LifecycleBase.start(LifecycleBase.java:150)
	... 6 more

Apr 28, 2022 11:14:28 AM org.apache.coyote.AbstractProtocol pause
INFO: Pausing ProtocolHandler [&quot;http-bio-auto-1-63648&quot;]
Apr 28, 2022 11:14:28 AM org.apache.catalina.core.StandardService stopInternal
INFO: Stopping service Tomcat
</system-err>
  </testcase>
</testsuite>